<?xml version="1.0" encoding="UTF-8"?>
<!-- Generated by org.testng.reporters.JUnitReportReporter -->
<testsuite hostname="DESKTOP-E7VMACD" failures="0" tests="1" name="TestRunner.TestRunner" time="11.484" errors="0" timestamp="2 Mar 2022 05:29:43 GMT">
  <testcase classname="TestRunner.TestRunner" name="feature" time="11.484"/>
</testsuite> <!-- TestRunner.TestRunner -->
