<?xml version="1.0" encoding="UTF-8"?>
<!-- Generated by org.testng.reporters.JUnitReportReporter -->
<testsuite hostname="DESKTOP-E7VMACD" failures="0" tests="1" name="TestRunner.TestRunner" time="15.733" errors="0" timestamp="2 Mar 2022 05:45:05 GMT">
  <testcase classname="TestRunner.TestRunner" name="feature" time="15.733"/>
</testsuite> <!-- TestRunner.TestRunner -->
